[0.000000] (-) TimerEvent: {}
[0.000591] (-) JobUnselected: {'identifier': 'cartographer_slam'}
[0.001470] (-) JobUnselected: {'identifier': 'full_coverage'}
[0.002188] (-) JobUnselected: {'identifier': 'localization_server'}
[0.002284] (-) JobUnselected: {'identifier': 'map_server'}
[0.002322] (-) JobUnselected: {'identifier': 'robot_description'}
[0.002353] (-) JobUnselected: {'identifier': 'robot_move'}
[0.002380] (-) JobUnselected: {'identifier': 'sllidar_ros2'}
[0.002418] (path_planner_server) JobQueued: {'identifier': 'path_planner_server', 'dependencies': OrderedDict()}
[0.002458] (path_planner_server) JobStarted: {'identifier': 'path_planner_server'}
[0.099221] (-) TimerEvent: {}
[0.199728] (-) TimerEvent: {}
[0.300504] (-) TimerEvent: {}
[0.401095] (-) TimerEvent: {}
[0.501595] (-) TimerEvent: {}
[0.602070] (-) TimerEvent: {}
[0.702679] (-) TimerEvent: {}
[0.803197] (-) TimerEvent: {}
[0.903833] (-) TimerEvent: {}
[1.004239] (-) TimerEvent: {}
[1.104617] (-) TimerEvent: {}
[1.205095] (-) TimerEvent: {}
[1.305526] (-) TimerEvent: {}
[1.405952] (-) TimerEvent: {}
[1.506574] (-) TimerEvent: {}
[1.607219] (-) TimerEvent: {}
[1.707590] (-) TimerEvent: {}
[1.807895] (-) TimerEvent: {}
[1.908206] (-) TimerEvent: {}
[2.008537] (-) TimerEvent: {}
[2.108882] (-) TimerEvent: {}
[2.209241] (-) TimerEvent: {}
[2.309744] (-) TimerEvent: {}
[2.313816] (path_planner_server) StderrLine: {'line': b'Traceback (most recent call last):\n  File "/usr/lib/python3/dist-packages/colcon_parallel_executor/executor/parallel.py", line 75, in execute\n    loop.run_until_complete(future)\n  File "/usr/lib/python3.12/asyncio/base_events.py", line 674, in run_until_complete\n    self.run_forever()\n  File "/usr/lib/python3.12/asyncio/base_events.py", line 641, in run_forever\n    self._run_once()\n  File "/usr/lib/python3.12/asyncio/base_events.py", line 1949, in _run_once\n    event_list = self._selector.select(timeout)\n                 ^^^^^^^^^^^^^^^^^^^^^^^^^^^^^^\n  File "/usr/lib/python3.12/selectors.py", line 468, in select\n    fd_event_list = self._selector.poll(timeout, max_ev)\n                    ^^^^^^^^^^^^^^^^^^^^^^^^^^^^^^^^^^^^\nKeyboardInterrupt\n\nDuring handling of the above exception, another exception occurred:\n\nTraceback (most recent call last):\n  File "/usr/lib/python3/dist-packages/colcon_core/executor/__init__.py", line 91, in __call__\n    rc = await self.task(*args, **kwargs)\n         ^^^^^^^^^^^^^^^^^^^^^^^^^^^^^^^^\n  File "/usr/lib/python3/dist-packages/colcon_core/task/__init__.py", line 93, in __call__\n    return await task_method(*args, **kwargs)\n           ^^^^^^^^^^^^^^^^^^^^^^^^^^^^^^^^^^\n  File "/usr/lib/python3/dist-packages/colcon_ros/task/ament_python/build.py", line 102, in build\n    return await extension.build(additional_hooks=additional_hooks)\n           ^^^^^^^^^^^^^^^^^^^^^^^^^^^^^^^^^^^^^^^^^^^^^^^^^^^^^^^^\n  File "/usr/lib/python3/dist-packages/colcon_core/task/python/build.py", line 96, in build\n    available_commands = await self._get_available_commands(\n                         ^^^^^^^^^^^^^^^^^^^^^^^^^^^^^^^^^^^\n  File "/usr/lib/python3/dist-packages/colcon_core/task/python/build.py", line 194, in _get_available_commands\n    output = await check_output(\n             ^^^^^^^^^^^^^^^^^^^\n  File "/usr/lib/python3/dist-packages/colcon_core/subprocess.py", line 129, in check_output\n    assert not rc, f\'Expected {args} to pass: {stderr_data}\'\n           ^^^^^^\nAssertionError: Expected [\'/usr/bin/python3\', \'-W\', \'ignore:setup.py install is deprecated\', \'-W\', \'ignore:easy_install command is deprecated\', \'setup.py\', \'--help-commands\'] to pass: Traceback (most recent call last):\n  File "<frozen importlib._bootstrap_external>", line 1485, in _path_importer_cache\nKeyError: \'/usr/lib/python3/dist-packages/setuptools/config\'\n\nDuring handling of the above exception, another exception occurred:\n\nTraceback (most recent call last):\n  File "/home/samah/robot_ws/src/path_planner_server/setup.py", line 1, in <module>\n    from setuptools import find_packages, setup\n  File "/usr/lib/python3/dist-packages/setuptools/__init__.py", line 17, in <module>\n    from setuptools.dist import Distribution\n  File "/usr/lib/python3/dist-packages/setuptools/dist.py", line 37, in <module>\n    from setuptools.config import setupcfg, pyprojecttoml\n  File "/usr/lib/python3/dist-packages/setuptools/config/__init__.py", line 8, in <module>\n    from . import setupcfg\n  File "<frozen importlib._bootstrap>", line 1360, in _find_and_load\n  File "<frozen importlib._bootstrap>", line 1322, in _find_and_load_unlocked\n  File "<frozen importlib._bootstrap>", line 1262, in _find_spec\n  File "<frozen importlib._bootstrap_external>", line 1528, in find_spec\n  File "<frozen importlib._bootstrap_external>", line 1500, in _get_spec\n  File "<frozen importlib._bootstrap_external>", line 1487, in _path_importer_cache\n  File "<frozen importlib._bootstrap_external>", line 1463, in _path_hooks\n  File "<frozen importlib._bootstrap_external>", line 1687, in path_hook_for_FileFinder\n  File "<frozen importlib._bootstrap_external>", line 168, in _path_isdir\n  File "<frozen importlib._bootstrap_external>", line 153, in _path_is_mode_type\n  File "<frozen importlib._bootstrap_external>", line 147, in _path_stat\nKeyboardInterrupt\n\n'}
[2.315005] (path_planner_server) JobEnded: {'identifier': 'path_planner_server', 'rc': 'SIGINT'}
[2.324433] (-) EventReactorShutdown: {}
